<?xml version="1.0" encoding="UTF-8"?>
<!-- Generated by org.testng.reporters.JUnitReportReporter -->
<testsuite hostname="DESKTOP-JNAK68G" failures="0" tests="2" name="E2EProject.HomePage" time="38.208" errors="0" timestamp="2021-08-19T22:46:54 IST" skipped="0">
  <testcase classname="E2EProject.HomePage" name="basePageNavigation" time="8.681"/>
  <system-out/>
  <testcase classname="E2EProject.HomePage" name="basePageNavigation" time="29.527"/>
  <system-out/>
</testsuite> <!-- E2EProject.HomePage -->
