<?xml version="1.0" encoding="UTF-8"?>
<!-- Generated by org.testng.reporters.JUnitReportReporter -->
<testsuite hostname="DESKTOP-JNAK68G" failures="0" tests="2" name="E2EProject.HomePage" time="18.068" errors="0" timestamp="2021-08-22T17:17:40 IST" skipped="0">
  <testcase classname="E2EProject.HomePage" name="basePageNavigation" time="6.306"/>
  <system-out/>
  <testcase classname="E2EProject.HomePage" name="basePageNavigation" time="11.762"/>
  <system-out/>
</testsuite> <!-- E2EProject.HomePage -->
