<?xml version="1.0" encoding="UTF-8"?>
<!-- Generated by org.testng.reporters.JUnitReportReporter -->
<testsuite hostname="DESKTOP-JNAK68G" failures="0" tests="1" name="E2EProject.ValidatingNavBar" time="1.108" errors="0" timestamp="2021-08-22T17:17:40 IST" skipped="0">
  <testcase classname="E2EProject.ValidatingNavBar" name="validateNavBar" time="1.108"/>
  <system-out/>
</testsuite> <!-- E2EProject.ValidatingNavBar -->
